[00:01:40] [ServerMain/INFO]: [bootstrap] Running Java 21 (OpenJDK 64-Bit Server VM 21+35-nixos; N/A null) on Linux 6.6.111+ (amd64)
[00:01:40] [ServerMain/INFO]: [bootstrap] Loading Purpur 1.21.11-2561-HEAD@f6242c0 (2026-02-08T00:05:02Z) for Minecraft 1.21.11
[00:01:40] [ServerMain/WARN]: [oshi.software.os.linux.LinuxOperatingSystem] Did not find udev library in operating system. Some features may not work.
[00:01:41] [ServerMain/INFO]: [PluginInitializerManager] Initializing plugins...
[00:01:41] [Paper Plugin Remapper Thread - 2/INFO]: [PluginRemapper] Remapping plugin 'plugins/AuraSkills.jar'...
[00:01:41] [Paper Plugin Remapper Thread - 3/INFO]: [PluginRemapper] Remapping plugin 'plugins/AuraMobsAmoblevelsadd-onforAuraSkills.jar'...
[00:01:42] [Paper Plugin Remapper Thread - 3/INFO]: [PluginRemapper] Done remapping plugin 'plugins/AuraMobsAmoblevelsadd-onforAuraSkills.jar' in 1590ms.
[00:01:44] [Paper Plugin Remapper Thread - 2/INFO]: [PluginRemapper] Done remapping plugin 'plugins/AuraSkills.jar' in 3195ms.
[00:01:45] [ServerMain/INFO]: [PluginInitializerManager] Initialized 8 plugins
[00:01:45] [ServerMain/INFO]: [PluginInitializerManager] Paper plugins (1):
 - EconomyShopGUI (6.16.3)
[00:01:45] [ServerMain/INFO]: [PluginInitializerManager] Bukkit plugins (7):
 - AuraMobs (2.2.1), AuraSkills (2.3.10), Economy (2.3), Essentials (2.22.0-dev+60-787f539), EssentialsChat (2.22.0-dev+60-787f539), LuckPerms (5.5.0), Vault (1.7.3-b131)
[00:01:52] [ServerMain/INFO]: Environment: Environment[sessionHost=https://sessionserver.mojang.com, servicesHost=https://api.minecraftservices.com, profilesHost=https://api.mojang.com, name=PROD]
[00:01:54] [ServerMain/INFO]: Loaded 1470 recipes
[00:01:54] [ServerMain/INFO]: Loaded 1584 advancements
[00:01:54] [ServerMain/INFO]: [ca.spottedleaf.dataconverter.minecraft.datatypes.MCTypeRegistry] Initialising converters for DataConverter...
[00:01:54] [ServerMain/INFO]: [ca.spottedleaf.dataconverter.minecraft.datatypes.MCTypeRegistry] Finished initialising converters for DataConverter in 405.1ms
[00:01:54] [Server thread/INFO]: Starting minecraft server version 1.21.11
[00:01:54] [Server thread/INFO]: Loading properties
[00:01:54] [Server thread/INFO]: This server is running Purpur version 1.21.11-2561-HEAD@f6242c0 (2026-02-08T00:05:02Z) (Implementing API version 1.21.11-R0.1-SNAPSHOT)
[00:01:55] [Server thread/INFO]: [spark] This server bundles the spark profiler. For more information please visit https://docs.papermc.io/paper/profiling
[00:01:55] [Server thread/INFO]: Server Ping Player Sample Count: 12
[00:01:55] [Server thread/INFO]: Using 4 threads for Netty based IO
[00:01:56] [Server thread/INFO]: [MoonriseCommon] Paper is using 2 worker threads, 1 I/O threads
[00:01:56] [Server thread/INFO]: Default game type: SURVIVAL
[00:01:56] [Server thread/INFO]: Generating keypair
[00:01:56] [Server thread/INFO]: Starting Minecraft server on *:25565
[00:01:56] [Server thread/INFO]: Paper: Using libdeflate (Linux x86_64) compression from Velocity.
[00:01:56] [Server thread/INFO]: Paper: Using Java cipher from Velocity.
[00:01:57] [Server thread/INFO]: [LuckPerms] Loading server plugin LuckPerms v5.5.0
[00:01:57] [Server thread/INFO]: [Vault] Loading server plugin Vault v1.7.3-b131
[00:01:57] [Server thread/INFO]: [Essentials] Loading server plugin Essentials v2.22.0-dev+60-787f539
[00:01:57] [Server thread/INFO]: [EssentialsChat] Loading server plugin EssentialsChat v2.22.0-dev+60-787f539
[00:01:57] [Server thread/INFO]: [AuraSkills] Loading server plugin AuraSkills v2.3.10
[00:01:57] [Server thread/INFO]: [EconomyShopGUI] Loading server plugin EconomyShopGUI v6.16.3
[00:01:57] [Server thread/INFO]: [Economy] Loading server plugin Economy v2.3
[00:01:57] [Server thread/INFO]: [AuraMobs] Loading server plugin AuraMobs v2.2.1
[00:01:57] [Server thread/INFO]: Server permissions file permissions.yml is empty, ignoring it
[00:01:57] [Server thread/INFO]: [LuckPerms] Enabling LuckPerms v5.5.0
[00:01:58] [Server thread/INFO]:         __    
[00:01:58] [Server thread/INFO]:   |    |__)   LuckPerms v5.5.0
[00:01:58] [Server thread/INFO]:   |___ |      Running on Bukkit - Purpur
[00:01:58] [Server thread/INFO]: 
[00:01:58] [Server thread/INFO]: [LuckPerms] Loading configuration...
[00:01:58] [Server thread/INFO]: [LuckPerms] Loading storage provider... [H2]
[00:01:58] [Server thread/INFO]: [LuckPerms] Loading internal permission managers...
[00:01:58] [Server thread/INFO]: [LuckPerms] Performing initial data load...
[00:01:58] [Server thread/INFO]: [LuckPerms] Successfully enabled. (took 1307ms)
[00:01:58] [Server thread/INFO]: [Vault] Enabling Vault v1.7.3-b131
[00:01:58] [Server thread/INFO]: [Vault] [Economy] Essentials Economy found: Waiting
[00:01:59] [Server thread/INFO]: [Vault] [Permission] SuperPermissions loaded as backup permission system.
[00:01:59] [Server thread/INFO]: [Vault] Enabled Version 1.7.3-b131
[00:01:59] [Server thread/INFO]: [LuckPerms] Registered Vault permission & chat hook.
[00:01:59] [Server thread/INFO]: [Economy] Enabling Economy v2.3
[00:01:59] [Server thread/INFO]: [Economy] Vault found, Economy has been registered.
[00:01:59] [Server thread/INFO]: Preparing level "world"
[00:02:00] [Server thread/INFO]: Loading 0 persistent chunks for world 'minecraft:overworld'...
[00:02:00] [Server thread/INFO]: Preparing spawn area: 100%
[00:02:00] [Server thread/INFO]: Prepared spawn area in 1 ms
[00:02:00] [Server thread/INFO]: Loading 0 persistent chunks for world 'minecraft:the_nether'...
[00:02:00] [Server thread/INFO]: Prepared spawn area in 1 ms
[00:02:00] [Server thread/INFO]: Loading 0 persistent chunks for world 'minecraft:the_end'...
[00:02:00] [Server thread/INFO]: Prepared spawn area in 0 ms
[00:02:00] [Server thread/INFO]: Done preparing level "world" (1.020s)
[00:02:00] [Server thread/INFO]: [Essentials] Enabling Essentials v2.22.0-dev+60-787f539
[00:02:00] [Server thread/INFO]: [Essentials] Attempting to convert old kits in config.yml to new kits.yml
[00:02:00] [Server thread/INFO]: [Essentials] No kits found to migrate.
[00:02:01] [Server thread/INFO]: [Essentials] Selected 1.12.2+ Player Locale Provider as the provider for PlayerLocaleProvider
[00:02:01] [Server thread/INFO]: [Essentials] Selected 1.14+ Sign Data Provider as the provider for SignDataProvider
[00:02:01] [Server thread/INFO]: [Essentials] Selected 1.17.1+ World Info Provider as the provider for WorldInfoProvider
[00:02:01] [Server thread/INFO]: [Essentials] Selected Reflection Formatted Command Alias Provider as the provider for FormattedCommandAliasProvider
[00:02:01] [Server thread/INFO]: [Essentials] Selected 1.21+ InventoryView Interface ABI Provider as the provider for InventoryViewProvider
[00:02:01] [Server thread/INFO]: [Essentials] Selected Paper Server State Provider as the provider for ServerStateProvider
[00:02:01] [Server thread/INFO]: [Essentials] Selected Paper Container Provider as the provider for ContainerProvider
[00:02:01] [Server thread/INFO]: [Essentials] Selected Reflection Online Mode Provider as the provider for OnlineModeProvider
[00:02:01] [Server thread/INFO]: [Essentials] Selected 1.13+ Spawn Egg Provider as the provider for SpawnEggProvider
[00:02:01] [Server thread/INFO]: [Essentials] Selected 1.12+ Spawner Block Provider as the provider for SpawnerBlockProvider
[00:02:01] [Server thread/INFO]: [Essentials] Selected Paper Biome Key Provider as the provider for BiomeKeyProvider
[00:02:01] [Server thread/INFO]: [Essentials] Selected 1.14.4+ Persistent Data Container Provider as the provider for PersistentDataProvider
[00:02:01] [Server thread/INFO]: [Essentials] Selected 1.21.4+ Sync Commands Provider as the provider for SyncCommandsProvider
[00:02:01] [Server thread/INFO]: [Essentials] Selected 1.20.5+ Banner Data Provider as the provider for BannerDataProvider
[00:02:01] [Server thread/INFO]: [Essentials] Selected Paper Tick Count Provider as the provider for TickCountProvider
[00:02:01] [Server thread/INFO]: [Essentials] Selected Paper Known Commands Provider as the provider for KnownCommandsProvider
[00:02:01] [Server thread/INFO]: [Essentials] Selected Legacy Biome Name Provider as the provider for BiomeNameProvider
[00:02:01] [Server thread/INFO]: [Essentials] Selected Paper Material Tag Provider as the provider for MaterialTagProvider
[00:02:01] [Server thread/INFO]: [Essentials] Selected 1.11+ Item Unbreakable Provider as the provider for ItemUnbreakableProvider
[00:02:01] [Server thread/INFO]: [Essentials] Selected 1.8.3+ Spawner Item Provider as the provider for SpawnerItemProvider
[00:02:01] [Server thread/INFO]: [Essentials] Selected 1.20.4+ Damage Event Provider as the provider for DamageEventProvider
[00:02:01] [Server thread/INFO]: [Essentials] Selected Paper Serialization Provider as the provider for SerializationProvider
[00:02:01] [Server thread/INFO]: [Essentials] Selected 1.20.6+ Potion Meta Provider as the provider for PotionMetaProvider
[00:02:01] [Server thread/INFO]: [Essentials] Loaded 46309 items from items.json.
[00:02:01] [Server thread/INFO]: [Essentials] Using locale en_US
[00:02:01] [Server thread/INFO]: [Essentials] ServerListPingEvent: Spigot iterator API
[00:02:02] [Server thread/INFO]: [Essentials] Starting Metrics. Opt-out using the global bStats config.
[00:02:02] [Server thread/INFO]: [Vault] [Economy] Essentials Economy hooked.
[00:02:02] [Server thread/INFO]: [Essentials] Using Vault based permissions (LuckPerms)
[00:02:02] [Server thread/INFO]: [EssentialsChat] Enabling EssentialsChat v2.22.0-dev+60-787f539
[00:02:02] [Server thread/INFO]: [EssentialsChat] Starting Metrics. Opt-out using the global bStats config.
[00:02:02] [Server thread/INFO]: [AuraSkills] Enabling AuraSkills v2.3.10
[00:02:03] [Server thread/INFO]: [AuraSkills] Loaded 21 message files
[00:02:04] [Server thread/INFO]: [AuraSkills] Successfully registered hook LuckPerms
[00:02:04] [Server thread/INFO]: [AuraSkills] Successfully registered hook Vault
[00:02:04] [Server thread/INFO]: [AuraSkills] Loaded 160 config options in 40 ms
[00:02:04] [Server thread/INFO]: [NBTAPI] [NBTAPI] Found Minecraft: 1.21.11! Trying to find NMS support
[00:02:04] [Server thread/INFO]: [NBTAPI] [NBTAPI] NMS support 'MC1_21_R7' loaded!
[00:02:04] [Server thread/INFO]: [NBTAPI] [NBTAPI] Using the plugin 'AuraSkills' to create a bStats instance!
[00:02:04] [Server thread/INFO]: [AuraSkills] Loaded 3 blocked/disabled worlds
[00:02:04] [Server thread/INFO]: [AuraSkills] [ACF] Enabled Asynchronous Tab Completion Support!
[00:02:05] [Server thread/INFO]: [EconomyShopGUI] Enabling EconomyShopGUI v6.16.3
[00:02:05] [Server thread/INFO]: [EconomyShopGUI] [INFO]: Initializing paper meta...
[00:02:05] [Server thread/INFO]: [EconomyShopGUI] [INFO]: Using lang-en.yml as language file
[00:02:05] [Server thread/INFO]: [EconomyShopGUI] [INFO]: Completed loading 16 section configs from /sections/
[00:02:05] [Server thread/INFO]: [EconomyShopGUI] [INFO]: Completed loading 16 shop configs from /shops/
[00:02:05] [Server thread/INFO]: [EconomyShopGUI] [INFO]: Updating Shop settings...
[00:02:05] [Server thread/INFO]: [EconomyShopGUI] [INFO]: Successfully hooked into Vault and using Economy as economy provider
[00:02:05] [Server thread/INFO]: [EconomyShopGUI] [INFO]: Completed loading 1 economy provider(s) for all 14 shop sections.
[00:02:05] [Server thread/INFO]: [EconomyShopGUI] [INFO]: Using minecraft version 1.21.11...
[00:02:05] [Server thread/INFO]: [EconomyShopGUI] [INFO]: Spawner provider set to AUTO in config
[00:02:05] [Server thread/INFO]: [EconomyShopGUI] [INFO]: Automatically searching for compatible spawner provider....
[00:02:05] [Server thread/INFO]: [EconomyShopGUI] [INFO]: Failed to automatically find compatible spawner provider, using default...
[00:02:05] [Server thread/INFO]: [EconomyShopGUI] [INFO]: Debug mode is enabled.
[00:02:05] [Server thread/INFO]: [EconomyShopGUI] [INFO]: Loading all items...
[00:02:07] [Server thread/INFO]: [EconomyShopGUI] [INFO]: Initialized - Took 2399ms to complete
[00:02:08] [Server thread/INFO]: [AuraMobs] Enabling AuraMobs v2.2.1
[00:02:08] [Server thread/INFO]: [AuraMobs] Loaded 4 message files
[00:02:08] [Server thread/INFO]: [AuraMobs] [ACF] Enabled Asynchronous Tab Completion Support!
[00:02:09] [Server thread/INFO]: [spark] Starting background profiler...
[00:02:09] [Server thread/INFO]: Running delayed init tasks
[00:02:09] [Server thread/INFO]: [Essentials] Essentials found a compatible payment resolution method: Vault Compatibility Layer (v1.7.3-b131)!
[00:02:09] [Craft Scheduler Thread - 3 - Essentials/INFO]: [Essentials] Fetching version information...
[00:02:10] [Server thread/INFO]: [AuraSkills] Loaded 11 skills with 327 total sources
[00:02:10] [Server thread/INFO]: [AuraSkills] Loaded 9 stats and 17 traits
[00:02:10] [Server thread/INFO]: [AuraSkills] Loaded 22 pattern rewards and 0 level rewards
[00:02:10] [Server thread/INFO]: [AuraSkills] Loaded 53 loot entries in 4 pools and 2 tables
[00:02:11] [Server thread/INFO]: Environment: Environment[sessionHost=https://sessionserver.mojang.com, servicesHost=https://api.minecraftservices.com, profilesHost=https://api.mojang.com, name=PROD]
[00:02:11] [Server thread/INFO]: [AuraSkills] Loaded 7 menus
[00:02:11] [Server thread/INFO]: Done (31.968s)! For help, type "help"
[00:02:11] [Craft Scheduler Thread - 5 - Vault/INFO]: [Vault] Checking for Updates ... 
[00:02:11] [Craft Scheduler Thread - 5 - Vault/INFO]: [Vault] No new version available
[00:06:34] [User Authenticator #0/INFO]: UUID of player mateusgamer1259 is cfb01b8a-db97-42d7-be0c-83f2c628f41e
[00:06:34] [Server thread/INFO]: [HorriblePlayerLoginEventHack] You have plugins listening to the PlayerLoginEvent, this will cause re-configuration APIs to be unavailable: [LuckPerms]
[00:06:37] [Server thread/INFO]: mateusgamer1259 joined the game
[00:06:37] [Server thread/INFO]: mateusgamer1259[/127.0.0.1:49314] logged in with entity id 1 at ([world]-154.14864582841344, 77.0, -224.7064543641571)
[00:06:42] [Server thread/INFO]: mateusgamer1259 issued server command: /day
[00:06:46] [Server thread/INFO]: mateusgamer1259 issued server command: /god
[00:06:52] [Server thread/INFO]: mateusgamer1259 issued server command: /plugins
[00:07:06] [Server thread/INFO]: mateusgamer1259 issued server command: /fly
[00:07:20] [Server thread/INFO]: mateusgamer1259 issued server command: /memory
[00:07:38] [Server thread/INFO]: mateusgamer1259 issued server command: /money
[00:07:48] [Server thread/INFO]: mateusgamer1259 issued server command: /money give mateusgamer1259 10k
[00:07:54] [Server thread/INFO]: mateusgamer1259 issued server command: /economyshopgui:shop
[00:07:59] [Server thread/INFO]: Shop >> mateusgamer1259 bought 1 x Diamond(Ores.page1.items.9) for $52.50 with the buy screen.
[00:07:59] [Server thread/INFO]: mateusgamer1259 has made the advancement [Diamonds!]
[00:07:59] [Server thread/INFO]: Shop >> mateusgamer1259 bought 1 x Diamond(Ores.page1.items.9) for $52.50 with the buy screen.
[00:07:59] [Server thread/INFO]: Shop >> mateusgamer1259 bought 1 x Diamond(Ores.page1.items.9) for $52.50 with the buy screen.
[00:11:22] [Server thread/INFO]: mateusgamer1259 lost connection: Disconnected
[00:11:22] [Server thread/INFO]: mateusgamer1259 left the game
